
*** Running vivado
    with args -log red_pitaya_top.vdi -applog -m64 -product Vivado -messageDb vivado.pb -mode batch -source red_pitaya_top.tcl -notrace


****** Vivado v2017.2 (64-bit)
  **** SW Build 1909853 on Thu Jun 15 18:39:09 MDT 2017
  **** IP Build 1909766 on Thu Jun 15 19:58:00 MDT 2017
    ** Copyright 1986-2017 Xilinx, Inc. All Rights Reserved.

source red_pitaya_top.tcl -notrace
INFO: [IP_Flow 19-234] Refreshing IP repositories
INFO: [IP_Flow 19-1704] No user IP repositories specified
INFO: [IP_Flow 19-2313] Loaded Vivado IP repository 'C:/Xilinx/Vivado/2017.2/data/ip'.
Design is defaulting to srcset: sources_1
Design is defaulting to constrset: constrs_1
INFO: [Project 1-454] Reading design checkpoint 'c:/Users/mWinter/Documents/HiWi_MPQ/RedPitaya_Testing/RedPitaya/fpga/prj/v0.94_edit/project/redpitaya.srcs/sources_1/bd/system/ip/system_axi_protocol_converter_0_0/system_axi_protocol_converter_0_0.dcp' for cell 'ps/system_i/axi_protocol_converter_0'
INFO: [Project 1-454] Reading design checkpoint 'c:/Users/mWinter/Documents/HiWi_MPQ/RedPitaya_Testing/RedPitaya/fpga/prj/v0.94_edit/project/redpitaya.srcs/sources_1/bd/system/ip/system_proc_sys_reset_0/system_proc_sys_reset_0.dcp' for cell 'ps/system_i/proc_sys_reset'
INFO: [Project 1-454] Reading design checkpoint 'c:/Users/mWinter/Documents/HiWi_MPQ/RedPitaya_Testing/RedPitaya/fpga/prj/v0.94_edit/project/redpitaya.srcs/sources_1/bd/system/ip/system_processing_system7_0/system_processing_system7_0.dcp' for cell 'ps/system_i/processing_system7'
INFO: [Project 1-454] Reading design checkpoint 'c:/Users/mWinter/Documents/HiWi_MPQ/RedPitaya_Testing/RedPitaya/fpga/prj/v0.94_edit/project/redpitaya.srcs/sources_1/bd/system/ip/system_xadc_0/system_xadc_0.dcp' for cell 'ps/system_i/xadc'
INFO: [Project 1-454] Reading design checkpoint 'c:/Users/mWinter/Documents/HiWi_MPQ/RedPitaya_Testing/RedPitaya/fpga/prj/v0.94_edit/project/redpitaya.srcs/sources_1/bd/system/ip/system_xlconstant_0/system_xlconstant_0.dcp' for cell 'ps/system_i/xlconstant'
INFO: [Netlist 29-17] Analyzing 174 Unisim elements for replacement
INFO: [Netlist 29-28] Unisim Transformation completed in 0 CPU seconds
INFO: [Project 1-479] Netlist was created with Vivado 2017.2
INFO: [Device 21-403] Loading part xc7z010clg400-1
INFO: [Project 1-570] Preparing netlist for logic optimization
Parsing XDC File [c:/Users/mWinter/Documents/HiWi_MPQ/RedPitaya_Testing/RedPitaya/fpga/prj/v0.94_edit/project/redpitaya.srcs/sources_1/bd/system/ip/system_proc_sys_reset_0/system_proc_sys_reset_0_board.xdc] for cell 'ps/system_i/proc_sys_reset/U0'
Finished Parsing XDC File [c:/Users/mWinter/Documents/HiWi_MPQ/RedPitaya_Testing/RedPitaya/fpga/prj/v0.94_edit/project/redpitaya.srcs/sources_1/bd/system/ip/system_proc_sys_reset_0/system_proc_sys_reset_0_board.xdc] for cell 'ps/system_i/proc_sys_reset/U0'
Parsing XDC File [c:/Users/mWinter/Documents/HiWi_MPQ/RedPitaya_Testing/RedPitaya/fpga/prj/v0.94_edit/project/redpitaya.srcs/sources_1/bd/system/ip/system_proc_sys_reset_0/system_proc_sys_reset_0.xdc] for cell 'ps/system_i/proc_sys_reset/U0'
Finished Parsing XDC File [c:/Users/mWinter/Documents/HiWi_MPQ/RedPitaya_Testing/RedPitaya/fpga/prj/v0.94_edit/project/redpitaya.srcs/sources_1/bd/system/ip/system_proc_sys_reset_0/system_proc_sys_reset_0.xdc] for cell 'ps/system_i/proc_sys_reset/U0'
Parsing XDC File [c:/Users/mWinter/Documents/HiWi_MPQ/RedPitaya_Testing/RedPitaya/fpga/prj/v0.94_edit/project/redpitaya.srcs/sources_1/bd/system/ip/system_processing_system7_0/system_processing_system7_0.xdc] for cell 'ps/system_i/processing_system7/inst'
Finished Parsing XDC File [c:/Users/mWinter/Documents/HiWi_MPQ/RedPitaya_Testing/RedPitaya/fpga/prj/v0.94_edit/project/redpitaya.srcs/sources_1/bd/system/ip/system_processing_system7_0/system_processing_system7_0.xdc] for cell 'ps/system_i/processing_system7/inst'
Parsing XDC File [c:/Users/mWinter/Documents/HiWi_MPQ/RedPitaya_Testing/RedPitaya/fpga/prj/v0.94_edit/project/redpitaya.srcs/sources_1/bd/system/ip/system_xadc_0/system_xadc_0.xdc] for cell 'ps/system_i/xadc/inst'
Finished Parsing XDC File [c:/Users/mWinter/Documents/HiWi_MPQ/RedPitaya_Testing/RedPitaya/fpga/prj/v0.94_edit/project/redpitaya.srcs/sources_1/bd/system/ip/system_xadc_0/system_xadc_0.xdc] for cell 'ps/system_i/xadc/inst'
Parsing XDC File [C:/Users/mWinter/Documents/HiWi_MPQ/RedPitaya_Testing/RedPitaya/fpga/prj/v0.94_edit/project/redpitaya.srcs/constrs_1/imports/sdc/red_pitaya.xdc]
INFO: [Timing 38-35] Done setting XDC timing constraints. [C:/Users/mWinter/Documents/HiWi_MPQ/RedPitaya_Testing/RedPitaya/fpga/prj/v0.94_edit/project/redpitaya.srcs/constrs_1/imports/sdc/red_pitaya.xdc:212]
INFO: [Timing 38-2] Deriving generated clocks [C:/Users/mWinter/Documents/HiWi_MPQ/RedPitaya_Testing/RedPitaya/fpga/prj/v0.94_edit/project/redpitaya.srcs/constrs_1/imports/sdc/red_pitaya.xdc:212]
WARNING: [Vivado 12-627] No clocks matched 'dac_clk_o'. [C:/Users/mWinter/Documents/HiWi_MPQ/RedPitaya_Testing/RedPitaya/fpga/prj/v0.94_edit/project/redpitaya.srcs/constrs_1/imports/sdc/red_pitaya.xdc:212]
INFO: [Vivado 12-626] No clocks found. Please use 'create_clock' or 'create_generated_clock' command to create clocks. [C:/Users/mWinter/Documents/HiWi_MPQ/RedPitaya_Testing/RedPitaya/fpga/prj/v0.94_edit/project/redpitaya.srcs/constrs_1/imports/sdc/red_pitaya.xdc:212]
get_clocks: Time (s): cpu = 00:00:09 ; elapsed = 00:00:10 . Memory (MB): peak = 1021.117 ; gain = 481.879
CRITICAL WARNING: [Vivado 12-4739] set_false_path:No valid object(s) found for '-to [get_clocks dac_clk_o]'. [C:/Users/mWinter/Documents/HiWi_MPQ/RedPitaya_Testing/RedPitaya/fpga/prj/v0.94_edit/project/redpitaya.srcs/constrs_1/imports/sdc/red_pitaya.xdc:212]
Resolution: Check if the specified object(s) exists in the current design. If it does, ensure that the correct design hierarchy was specified for the object. If you are working with clocks, make sure create_clock was used to create the clock object before it is referenced.
WARNING: [Vivado 12-627] No clocks matched 'dac_clk_2x'. [C:/Users/mWinter/Documents/HiWi_MPQ/RedPitaya_Testing/RedPitaya/fpga/prj/v0.94_edit/project/redpitaya.srcs/constrs_1/imports/sdc/red_pitaya.xdc:213]
INFO: [Vivado 12-626] No clocks found. Please use 'create_clock' or 'create_generated_clock' command to create clocks. [C:/Users/mWinter/Documents/HiWi_MPQ/RedPitaya_Testing/RedPitaya/fpga/prj/v0.94_edit/project/redpitaya.srcs/constrs_1/imports/sdc/red_pitaya.xdc:213]
CRITICAL WARNING: [Vivado 12-4739] set_false_path:No valid object(s) found for '-to [get_clocks dac_clk_2x]'. [C:/Users/mWinter/Documents/HiWi_MPQ/RedPitaya_Testing/RedPitaya/fpga/prj/v0.94_edit/project/redpitaya.srcs/constrs_1/imports/sdc/red_pitaya.xdc:213]
Resolution: Check if the specified object(s) exists in the current design. If it does, ensure that the correct design hierarchy was specified for the object. If you are working with clocks, make sure create_clock was used to create the clock object before it is referenced.
WARNING: [Vivado 12-627] No clocks matched 'dac_clk_2p'. [C:/Users/mWinter/Documents/HiWi_MPQ/RedPitaya_Testing/RedPitaya/fpga/prj/v0.94_edit/project/redpitaya.srcs/constrs_1/imports/sdc/red_pitaya.xdc:214]
INFO: [Vivado 12-626] No clocks found. Please use 'create_clock' or 'create_generated_clock' command to create clocks. [C:/Users/mWinter/Documents/HiWi_MPQ/RedPitaya_Testing/RedPitaya/fpga/prj/v0.94_edit/project/redpitaya.srcs/constrs_1/imports/sdc/red_pitaya.xdc:214]
CRITICAL WARNING: [Vivado 12-4739] set_false_path:No valid object(s) found for '-to [get_clocks dac_clk_2p]'. [C:/Users/mWinter/Documents/HiWi_MPQ/RedPitaya_Testing/RedPitaya/fpga/prj/v0.94_edit/project/redpitaya.srcs/constrs_1/imports/sdc/red_pitaya.xdc:214]
Resolution: Check if the specified object(s) exists in the current design. If it does, ensure that the correct design hierarchy was specified for the object. If you are working with clocks, make sure create_clock was used to create the clock object before it is referenced.
WARNING: [Vivado 12-627] No clocks matched 'dac_clk_1x'. [C:/Users/mWinter/Documents/HiWi_MPQ/RedPitaya_Testing/RedPitaya/fpga/prj/v0.94_edit/project/redpitaya.srcs/constrs_1/imports/sdc/red_pitaya.xdc:216]
INFO: [Vivado 12-626] No clocks found. Please use 'create_clock' or 'create_generated_clock' command to create clocks. [C:/Users/mWinter/Documents/HiWi_MPQ/RedPitaya_Testing/RedPitaya/fpga/prj/v0.94_edit/project/redpitaya.srcs/constrs_1/imports/sdc/red_pitaya.xdc:216]
CRITICAL WARNING: [Vivado 12-4739] set_false_path:No valid object(s) found for '-to [get_clocks dac_clk_1x]'. [C:/Users/mWinter/Documents/HiWi_MPQ/RedPitaya_Testing/RedPitaya/fpga/prj/v0.94_edit/project/redpitaya.srcs/constrs_1/imports/sdc/red_pitaya.xdc:216]
Resolution: Check if the specified object(s) exists in the current design. If it does, ensure that the correct design hierarchy was specified for the object. If you are working with clocks, make sure create_clock was used to create the clock object before it is referenced.
WARNING: [Vivado 12-627] No clocks matched 'dac_clk_2x'. [C:/Users/mWinter/Documents/HiWi_MPQ/RedPitaya_Testing/RedPitaya/fpga/prj/v0.94_edit/project/redpitaya.srcs/constrs_1/imports/sdc/red_pitaya.xdc:217]
INFO: [Vivado 12-626] No clocks found. Please use 'create_clock' or 'create_generated_clock' command to create clocks. [C:/Users/mWinter/Documents/HiWi_MPQ/RedPitaya_Testing/RedPitaya/fpga/prj/v0.94_edit/project/redpitaya.srcs/constrs_1/imports/sdc/red_pitaya.xdc:217]
CRITICAL WARNING: [Vivado 12-4739] set_false_path:No valid object(s) found for '-to [get_clocks dac_clk_2x]'. [C:/Users/mWinter/Documents/HiWi_MPQ/RedPitaya_Testing/RedPitaya/fpga/prj/v0.94_edit/project/redpitaya.srcs/constrs_1/imports/sdc/red_pitaya.xdc:217]
Resolution: Check if the specified object(s) exists in the current design. If it does, ensure that the correct design hierarchy was specified for the object. If you are working with clocks, make sure create_clock was used to create the clock object before it is referenced.
WARNING: [Vivado 12-627] No clocks matched 'dac_clk_2p'. [C:/Users/mWinter/Documents/HiWi_MPQ/RedPitaya_Testing/RedPitaya/fpga/prj/v0.94_edit/project/redpitaya.srcs/constrs_1/imports/sdc/red_pitaya.xdc:218]
INFO: [Vivado 12-626] No clocks found. Please use 'create_clock' or 'create_generated_clock' command to create clocks. [C:/Users/mWinter/Documents/HiWi_MPQ/RedPitaya_Testing/RedPitaya/fpga/prj/v0.94_edit/project/redpitaya.srcs/constrs_1/imports/sdc/red_pitaya.xdc:218]
CRITICAL WARNING: [Vivado 12-4739] set_false_path:No valid object(s) found for '-to [get_clocks dac_clk_2p]'. [C:/Users/mWinter/Documents/HiWi_MPQ/RedPitaya_Testing/RedPitaya/fpga/prj/v0.94_edit/project/redpitaya.srcs/constrs_1/imports/sdc/red_pitaya.xdc:218]
Resolution: Check if the specified object(s) exists in the current design. If it does, ensure that the correct design hierarchy was specified for the object. If you are working with clocks, make sure create_clock was used to create the clock object before it is referenced.
WARNING: [Vivado 12-627] No clocks matched 'ser_clk'. [C:/Users/mWinter/Documents/HiWi_MPQ/RedPitaya_Testing/RedPitaya/fpga/prj/v0.94_edit/project/redpitaya.srcs/constrs_1/imports/sdc/red_pitaya.xdc:219]
INFO: [Vivado 12-626] No clocks found. Please use 'create_clock' or 'create_generated_clock' command to create clocks. [C:/Users/mWinter/Documents/HiWi_MPQ/RedPitaya_Testing/RedPitaya/fpga/prj/v0.94_edit/project/redpitaya.srcs/constrs_1/imports/sdc/red_pitaya.xdc:219]
CRITICAL WARNING: [Vivado 12-4739] set_false_path:No valid object(s) found for '-to [get_clocks ser_clk]'. [C:/Users/mWinter/Documents/HiWi_MPQ/RedPitaya_Testing/RedPitaya/fpga/prj/v0.94_edit/project/redpitaya.srcs/constrs_1/imports/sdc/red_pitaya.xdc:219]
Resolution: Check if the specified object(s) exists in the current design. If it does, ensure that the correct design hierarchy was specified for the object. If you are working with clocks, make sure create_clock was used to create the clock object before it is referenced.
WARNING: [Vivado 12-627] No clocks matched 'pdm_clk'. [C:/Users/mWinter/Documents/HiWi_MPQ/RedPitaya_Testing/RedPitaya/fpga/prj/v0.94_edit/project/redpitaya.srcs/constrs_1/imports/sdc/red_pitaya.xdc:220]
INFO: [Vivado 12-626] No clocks found. Please use 'create_clock' or 'create_generated_clock' command to create clocks. [C:/Users/mWinter/Documents/HiWi_MPQ/RedPitaya_Testing/RedPitaya/fpga/prj/v0.94_edit/project/redpitaya.srcs/constrs_1/imports/sdc/red_pitaya.xdc:220]
CRITICAL WARNING: [Vivado 12-4739] set_false_path:No valid object(s) found for '-to [get_clocks pdm_clk]'. [C:/Users/mWinter/Documents/HiWi_MPQ/RedPitaya_Testing/RedPitaya/fpga/prj/v0.94_edit/project/redpitaya.srcs/constrs_1/imports/sdc/red_pitaya.xdc:220]
Resolution: Check if the specified object(s) exists in the current design. If it does, ensure that the correct design hierarchy was specified for the object. If you are working with clocks, make sure create_clock was used to create the clock object before it is referenced.
WARNING: [Vivado 12-627] No clocks matched 'dac_clk_o'. [C:/Users/mWinter/Documents/HiWi_MPQ/RedPitaya_Testing/RedPitaya/fpga/prj/v0.94_edit/project/redpitaya.srcs/constrs_1/imports/sdc/red_pitaya.xdc:221]
INFO: [Vivado 12-626] No clocks found. Please use 'create_clock' or 'create_generated_clock' command to create clocks. [C:/Users/mWinter/Documents/HiWi_MPQ/RedPitaya_Testing/RedPitaya/fpga/prj/v0.94_edit/project/redpitaya.srcs/constrs_1/imports/sdc/red_pitaya.xdc:221]
WARNING: [Vivado 12-627] No clocks matched 'dac_clk_2x'. [C:/Users/mWinter/Documents/HiWi_MPQ/RedPitaya_Testing/RedPitaya/fpga/prj/v0.94_edit/project/redpitaya.srcs/constrs_1/imports/sdc/red_pitaya.xdc:221]
INFO: [Vivado 12-626] No clocks found. Please use 'create_clock' or 'create_generated_clock' command to create clocks. [C:/Users/mWinter/Documents/HiWi_MPQ/RedPitaya_Testing/RedPitaya/fpga/prj/v0.94_edit/project/redpitaya.srcs/constrs_1/imports/sdc/red_pitaya.xdc:221]
CRITICAL WARNING: [Vivado 12-4739] set_false_path:No valid object(s) found for '-from [get_clocks dac_clk_o]'. [C:/Users/mWinter/Documents/HiWi_MPQ/RedPitaya_Testing/RedPitaya/fpga/prj/v0.94_edit/project/redpitaya.srcs/constrs_1/imports/sdc/red_pitaya.xdc:221]
Resolution: Check if the specified object(s) exists in the current design. If it does, ensure that the correct design hierarchy was specified for the object. If you are working with clocks, make sure create_clock was used to create the clock object before it is referenced.
WARNING: [Vivado 12-627] No clocks matched 'dac_clk_o'. [C:/Users/mWinter/Documents/HiWi_MPQ/RedPitaya_Testing/RedPitaya/fpga/prj/v0.94_edit/project/redpitaya.srcs/constrs_1/imports/sdc/red_pitaya.xdc:222]
INFO: [Vivado 12-626] No clocks found. Please use 'create_clock' or 'create_generated_clock' command to create clocks. [C:/Users/mWinter/Documents/HiWi_MPQ/RedPitaya_Testing/RedPitaya/fpga/prj/v0.94_edit/project/redpitaya.srcs/constrs_1/imports/sdc/red_pitaya.xdc:222]
WARNING: [Vivado 12-627] No clocks matched 'dac_clk_2p'. [C:/Users/mWinter/Documents/HiWi_MPQ/RedPitaya_Testing/RedPitaya/fpga/prj/v0.94_edit/project/redpitaya.srcs/constrs_1/imports/sdc/red_pitaya.xdc:222]
INFO: [Vivado 12-626] No clocks found. Please use 'create_clock' or 'create_generated_clock' command to create clocks. [C:/Users/mWinter/Documents/HiWi_MPQ/RedPitaya_Testing/RedPitaya/fpga/prj/v0.94_edit/project/redpitaya.srcs/constrs_1/imports/sdc/red_pitaya.xdc:222]
CRITICAL WARNING: [Vivado 12-4739] set_false_path:No valid object(s) found for '-from [get_clocks dac_clk_o]'. [C:/Users/mWinter/Documents/HiWi_MPQ/RedPitaya_Testing/RedPitaya/fpga/prj/v0.94_edit/project/redpitaya.srcs/constrs_1/imports/sdc/red_pitaya.xdc:222]
Resolution: Check if the specified object(s) exists in the current design. If it does, ensure that the correct design hierarchy was specified for the object. If you are working with clocks, make sure create_clock was used to create the clock object before it is referenced.
Finished Parsing XDC File [C:/Users/mWinter/Documents/HiWi_MPQ/RedPitaya_Testing/RedPitaya/fpga/prj/v0.94_edit/project/redpitaya.srcs/constrs_1/imports/sdc/red_pitaya.xdc]
INFO: [Opt 31-138] Pushed 0 inverter(s) to 0 load pin(s).
INFO: [Project 1-111] Unisim Transformation Summary:
  A total of 16 instances were transformed.
  IOBUF => IOBUF (IBUF, OBUFT): 16 instances

link_design: Time (s): cpu = 00:00:17 ; elapsed = 00:00:20 . Memory (MB): peak = 1021.117 ; gain = 773.875
Command: opt_design
Attempting to get a license for feature 'Implementation' and/or device 'xc7z010-clg400'
INFO: [Common 17-349] Got license for feature 'Implementation' and/or device 'xc7z010-clg400'
Running DRC as a precondition to command opt_design

Starting DRC Task
Command: report_drc (run_mandatory_drcs) for: opt_checks
INFO: [DRC 23-27] Running DRC with 2 threads
report_drc (run_mandatory_drcs) completed successfully
INFO: [Project 1-461] DRC finished with 0 Errors
INFO: [Project 1-462] Please refer to the DRC report (report_drc) for more information.

Time (s): cpu = 00:00:01 ; elapsed = 00:00:00.543 . Memory (MB): peak = 1021.117 ; gain = 0.000
INFO: [Timing 38-35] Done setting XDC timing constraints.

Starting Logic Optimization Task

Phase 1 Retarget
INFO: [Opt 31-138] Pushed 1 inverter(s) to 1 load pin(s).
INFO: [Opt 31-49] Retargeted 0 cell(s).
Phase 1 Retarget | Checksum: 1c521f551

Time (s): cpu = 00:00:00 ; elapsed = 00:00:00.242 . Memory (MB): peak = 1030.082 ; gain = 0.000
INFO: [Opt 31-389] Phase Retarget created 0 cells and removed 141 cells

Phase 2 Constant propagation
INFO: [Opt 31-138] Pushed 0 inverter(s) to 0 load pin(s).
Phase 2 Constant propagation | Checksum: 176b4057f

Time (s): cpu = 00:00:00 ; elapsed = 00:00:00.354 . Memory (MB): peak = 1030.082 ; gain = 0.000
INFO: [Opt 31-389] Phase Constant propagation created 5 cells and removed 13 cells

Phase 3 Sweep
Phase 3 Sweep | Checksum: 20620f660

Time (s): cpu = 00:00:01 ; elapsed = 00:00:00.705 . Memory (MB): peak = 1030.082 ; gain = 0.000
INFO: [Opt 31-389] Phase Sweep created 0 cells and removed 213 cells

Phase 4 BUFG optimization
Phase 4 BUFG optimization | Checksum: 20620f660

Time (s): cpu = 00:00:01 ; elapsed = 00:00:00.831 . Memory (MB): peak = 1030.082 ; gain = 0.000
INFO: [Opt 31-389] Phase BUFG optimization created 0 cells and removed 0 cells

Phase 5 Shift Register Optimization
Phase 5 Shift Register Optimization | Checksum: 20620f660

Time (s): cpu = 00:00:01 ; elapsed = 00:00:00.846 . Memory (MB): peak = 1030.082 ; gain = 0.000
INFO: [Opt 31-389] Phase Shift Register Optimization created 0 cells and removed 0 cells

Starting Connectivity Check Task

Time (s): cpu = 00:00:00 ; elapsed = 00:00:00.007 . Memory (MB): peak = 1030.082 ; gain = 0.000
Ending Logic Optimization Task | Checksum: 20620f660

Time (s): cpu = 00:00:01 ; elapsed = 00:00:00.874 . Memory (MB): peak = 1030.082 ; gain = 0.000

Starting Power Optimization Task
INFO: [Pwropt 34-132] Skipping clock gating for clocks with a period < 2.00 ns.
INFO: [Power 33-23] Power model is not available for i_DNA
INFO: [Timing 38-35] Done setting XDC timing constraints.
Running Vector-less Activity Propagation...

Finished Running Vector-less Activity Propagation
INFO: [Pwropt 34-9] Applying IDT optimizations ...
INFO: [Pwropt 34-10] Applying ODC optimizations ...


Starting PowerOpt Patch Enables Task
INFO: [Pwropt 34-162] WRITE_MODE attribute of 0 BRAM(s) out of a total of 42 has been updated to save power. Run report_power_opt to get a complete listing of the BRAMs updated.
INFO: [Pwropt 34-201] Structural ODC has moved 0 WE to EN ports
Number of BRAM Ports augmented: 7 newly gated: 14 Total Ports: 84
Ending PowerOpt Patch Enables Task | Checksum: 1bdd96845

Time (s): cpu = 00:00:00 ; elapsed = 00:00:00.043 . Memory (MB): peak = 1164.195 ; gain = 0.000
Ending Power Optimization Task | Checksum: 1bdd96845

Time (s): cpu = 00:00:04 ; elapsed = 00:00:03 . Memory (MB): peak = 1164.195 ; gain = 134.113
49 Infos, 12 Warnings, 10 Critical Warnings and 0 Errors encountered.
opt_design completed successfully
Writing placer database...
Writing XDEF routing.
Writing XDEF routing logical nets.
Writing XDEF routing special nets.
Write XDEF Complete: Time (s): cpu = 00:00:00 ; elapsed = 00:00:00.080 . Memory (MB): peak = 1164.195 ; gain = 0.000
INFO: [Common 17-1381] The checkpoint 'C:/Users/mWinter/Documents/HiWi_MPQ/RedPitaya_Testing/RedPitaya/fpga/prj/v0.94_edit/project/redpitaya.runs/impl_1/red_pitaya_top_opt.dcp' has been generated.
Command: report_drc -file red_pitaya_top_drc_opted.rpt
INFO: [DRC 23-27] Running DRC with 2 threads
INFO: [Coretcl 2-168] The results of DRC are in file C:/Users/mWinter/Documents/HiWi_MPQ/RedPitaya_Testing/RedPitaya/fpga/prj/v0.94_edit/project/redpitaya.runs/impl_1/red_pitaya_top_drc_opted.rpt.
report_drc completed successfully
INFO: [Chipscope 16-241] No debug cores found in the current design.
Before running the implement_debug_core command, either use the Set Up Debug wizard (GUI mode)
or use the create_debug_core and connect_debug_core Tcl commands to insert debug cores into the design.
Command: place_design
Attempting to get a license for feature 'Implementation' and/or device 'xc7z010-clg400'
INFO: [Common 17-349] Got license for feature 'Implementation' and/or device 'xc7z010-clg400'
Command: report_drc (run_mandatory_drcs) for: incr_eco_checks
INFO: [DRC 23-27] Running DRC with 2 threads
report_drc (run_mandatory_drcs) completed successfully
INFO: [Vivado_Tcl 4-198] DRC finished with 0 Errors
INFO: [Vivado_Tcl 4-199] Please refer to the DRC report (report_drc) for more information.
Running DRC as a precondition to command place_design
Command: report_drc (run_mandatory_drcs) for: placer_checks
INFO: [DRC 23-27] Running DRC with 2 threads
report_drc (run_mandatory_drcs) completed successfully
INFO: [Vivado_Tcl 4-198] DRC finished with 0 Errors
INFO: [Vivado_Tcl 4-199] Please refer to the DRC report (report_drc) for more information.

Starting Placer Task
INFO: [Place 30-611] Multithreading enabled for place_design using a maximum of 2 CPUs

Phase 1 Placer Initialization

Phase 1.1 Placer Initialization Netlist Sorting
Netlist sorting complete. Time (s): cpu = 00:00:00 ; elapsed = 00:00:00.013 . Memory (MB): peak = 1164.195 ; gain = 0.000
Phase 1.1 Placer Initialization Netlist Sorting | Checksum: 1a2f46844

Time (s): cpu = 00:00:00 ; elapsed = 00:00:00.022 . Memory (MB): peak = 1164.195 ; gain = 0.000
INFO: [Timing 38-35] Done setting XDC timing constraints.
INFO: [Opt 31-138] Pushed 0 inverter(s) to 0 load pin(s).
Netlist sorting complete. Time (s): cpu = 00:00:00 ; elapsed = 00:00:00.006 . Memory (MB): peak = 1164.195 ; gain = 0.000

Phase 1.2 IO Placement/ Clock Placement/ Build Placer Device
INFO: [Timing 38-35] Done setting XDC timing constraints.
Phase 1.2 IO Placement/ Clock Placement/ Build Placer Device | Checksum: d0e0ca53

Time (s): cpu = 00:00:03 ; elapsed = 00:00:03 . Memory (MB): peak = 1164.195 ; gain = 0.000

Phase 1.3 Build Placer Netlist Model
Phase 1.3 Build Placer Netlist Model | Checksum: 138e172e4

Time (s): cpu = 00:00:04 ; elapsed = 00:00:03 . Memory (MB): peak = 1164.195 ; gain = 0.000

Phase 1.4 Constrain Clocks/Macros
Phase 1.4 Constrain Clocks/Macros | Checksum: 138e172e4

Time (s): cpu = 00:00:04 ; elapsed = 00:00:03 . Memory (MB): peak = 1164.195 ; gain = 0.000
Phase 1 Placer Initialization | Checksum: 138e172e4

Time (s): cpu = 00:00:04 ; elapsed = 00:00:03 . Memory (MB): peak = 1164.195 ; gain = 0.000

Phase 2 Global Placement
Phase 2 Global Placement | Checksum: 181f549ed

Time (s): cpu = 00:00:07 ; elapsed = 00:00:05 . Memory (MB): peak = 1164.195 ; gain = 0.000

Phase 3 Detail Placement

Phase 3.1 Commit Multi Column Macros
Phase 3.1 Commit Multi Column Macros | Checksum: 181f549ed

Time (s): cpu = 00:00:07 ; elapsed = 00:00:05 . Memory (MB): peak = 1164.195 ; gain = 0.000

Phase 3.2 Commit Most Macros & LUTRAMs
Phase 3.2 Commit Most Macros & LUTRAMs | Checksum: 102332962

Time (s): cpu = 00:00:08 ; elapsed = 00:00:06 . Memory (MB): peak = 1164.195 ; gain = 0.000

Phase 3.3 Area Swap Optimization
Phase 3.3 Area Swap Optimization | Checksum: 17ffc4118

Time (s): cpu = 00:00:08 ; elapsed = 00:00:06 . Memory (MB): peak = 1164.195 ; gain = 0.000

Phase 3.4 Pipeline Register Optimization
Phase 3.4 Pipeline Register Optimization | Checksum: 17ffc4118

Time (s): cpu = 00:00:08 ; elapsed = 00:00:06 . Memory (MB): peak = 1164.195 ; gain = 0.000

Phase 3.5 Timing Path Optimizer
Phase 3.5 Timing Path Optimizer | Checksum: 10c53cdd8

Time (s): cpu = 00:00:08 ; elapsed = 00:00:06 . Memory (MB): peak = 1164.195 ; gain = 0.000

Phase 3.6 Fast Optimization
Phase 3.6 Fast Optimization | Checksum: fe3bc24f

Time (s): cpu = 00:00:08 ; elapsed = 00:00:06 . Memory (MB): peak = 1164.195 ; gain = 0.000

Phase 3.7 Small Shape Detail Placement
Phase 3.7 Small Shape Detail Placement | Checksum: 1a38758b7

Time (s): cpu = 00:00:09 ; elapsed = 00:00:07 . Memory (MB): peak = 1164.195 ; gain = 0.000

Phase 3.8 Re-assign LUT pins
Phase 3.8 Re-assign LUT pins | Checksum: 1836bef84

Time (s): cpu = 00:00:09 ; elapsed = 00:00:07 . Memory (MB): peak = 1164.195 ; gain = 0.000

Phase 3.9 Pipeline Register Optimization
Phase 3.9 Pipeline Register Optimization | Checksum: 1836bef84

Time (s): cpu = 00:00:09 ; elapsed = 00:00:07 . Memory (MB): peak = 1164.195 ; gain = 0.000

Phase 3.10 Fast Optimization
Phase 3.10 Fast Optimization | Checksum: 80c15278

Time (s): cpu = 00:00:10 ; elapsed = 00:00:08 . Memory (MB): peak = 1164.195 ; gain = 0.000
Phase 3 Detail Placement | Checksum: 80c15278

Time (s): cpu = 00:00:10 ; elapsed = 00:00:08 . Memory (MB): peak = 1164.195 ; gain = 0.000

Phase 4 Post Placement Optimization and Clean-Up

Phase 4.1 Post Commit Optimization
INFO: [Timing 38-35] Done setting XDC timing constraints.

Phase 4.1.1 Post Placement Optimization
Post Placement Optimization Initialization | Checksum: ab9a7062

Phase 4.1.1.1 BUFG Insertion
INFO: [Physopt 32-721] Multithreading enabled for phys_opt_design using a maximum of 2 CPUs
INFO: [Place 46-41] BUFG insertion identified 0 candidate nets, 0 success, 0 skipped for placement/routing, 0 skipped for timing, 0 skipped for netlist change reason.
Phase 4.1.1.1 BUFG Insertion | Checksum: ab9a7062

Time (s): cpu = 00:00:11 ; elapsed = 00:00:08 . Memory (MB): peak = 1164.195 ; gain = 0.000
INFO: [Place 30-746] Post Placement Timing Summary WNS=0.060. For the most accurate timing information please run report_timing.
Phase 4.1.1 Post Placement Optimization | Checksum: fe9f8cf8

Time (s): cpu = 00:00:30 ; elapsed = 00:00:29 . Memory (MB): peak = 1164.195 ; gain = 0.000
Phase 4.1 Post Commit Optimization | Checksum: fe9f8cf8

Time (s): cpu = 00:00:30 ; elapsed = 00:00:29 . Memory (MB): peak = 1164.195 ; gain = 0.000

Phase 4.2 Post Placement Cleanup
Phase 4.2 Post Placement Cleanup | Checksum: fe9f8cf8

Time (s): cpu = 00:00:30 ; elapsed = 00:00:29 . Memory (MB): peak = 1164.195 ; gain = 0.000

Phase 4.3 Placer Reporting
Phase 4.3 Placer Reporting | Checksum: fe9f8cf8

Time (s): cpu = 00:00:30 ; elapsed = 00:00:29 . Memory (MB): peak = 1164.195 ; gain = 0.000

Phase 4.4 Final Placement Cleanup
Phase 4.4 Final Placement Cleanup | Checksum: 150d3b3b8

Time (s): cpu = 00:00:31 ; elapsed = 00:00:29 . Memory (MB): peak = 1164.195 ; gain = 0.000
Phase 4 Post Placement Optimization and Clean-Up | Checksum: 150d3b3b8

Time (s): cpu = 00:00:31 ; elapsed = 00:00:29 . Memory (MB): peak = 1164.195 ; gain = 0.000
Ending Placer Task | Checksum: 94eb9d44

Time (s): cpu = 00:00:31 ; elapsed = 00:00:29 . Memory (MB): peak = 1164.195 ; gain = 0.000
68 Infos, 12 Warnings, 10 Critical Warnings and 0 Errors encountered.
place_design completed successfully
place_design: Time (s): cpu = 00:00:34 ; elapsed = 00:00:31 . Memory (MB): peak = 1164.195 ; gain = 0.000
Writing placer database...
Writing XDEF routing.
Writing XDEF routing logical nets.
Writing XDEF routing special nets.
Write XDEF Complete: Time (s): cpu = 00:00:00 ; elapsed = 00:00:00.276 . Memory (MB): peak = 1164.195 ; gain = 0.000
INFO: [Common 17-1381] The checkpoint 'C:/Users/mWinter/Documents/HiWi_MPQ/RedPitaya_Testing/RedPitaya/fpga/prj/v0.94_edit/project/redpitaya.runs/impl_1/red_pitaya_top_placed.dcp' has been generated.
report_io: Time (s): cpu = 00:00:00 ; elapsed = 00:00:00.083 . Memory (MB): peak = 1164.195 ; gain = 0.000
report_utilization: Time (s): cpu = 00:00:00 ; elapsed = 00:00:00.044 . Memory (MB): peak = 1164.195 ; gain = 0.000
report_control_sets: Time (s): cpu = 00:00:00 ; elapsed = 00:00:00.015 . Memory (MB): peak = 1164.195 ; gain = 0.000
Command: route_design
Attempting to get a license for feature 'Implementation' and/or device 'xc7z010-clg400'
INFO: [Common 17-349] Got license for feature 'Implementation' and/or device 'xc7z010-clg400'
Running DRC as a precondition to command route_design
Command: report_drc (run_mandatory_drcs) for: router_checks
INFO: [DRC 23-27] Running DRC with 2 threads
report_drc (run_mandatory_drcs) completed successfully
INFO: [Vivado_Tcl 4-198] DRC finished with 0 Errors
INFO: [Vivado_Tcl 4-199] Please refer to the DRC report (report_drc) for more information.


Starting Routing Task
INFO: [Route 35-254] Multithreading enabled for route_design using a maximum of 2 CPUs
Checksum: PlaceDB: b43f44c ConstDB: 0 ShapeSum: 89a7a8f8 RouteDB: 0

Phase 1 Build RT Design
Phase 1 Build RT Design | Checksum: 190679eb5

Time (s): cpu = 00:00:11 ; elapsed = 00:00:09 . Memory (MB): peak = 1164.195 ; gain = 0.000

Phase 2 Router Initialization

Phase 2.1 Create Timer
Phase 2.1 Create Timer | Checksum: 190679eb5

Time (s): cpu = 00:00:11 ; elapsed = 00:00:09 . Memory (MB): peak = 1164.195 ; gain = 0.000

Phase 2.2 Fix Topology Constraints
Phase 2.2 Fix Topology Constraints | Checksum: 190679eb5

Time (s): cpu = 00:00:11 ; elapsed = 00:00:09 . Memory (MB): peak = 1164.195 ; gain = 0.000

Phase 2.3 Pre Route Cleanup
Phase 2.3 Pre Route Cleanup | Checksum: 190679eb5

Time (s): cpu = 00:00:11 ; elapsed = 00:00:09 . Memory (MB): peak = 1164.195 ; gain = 0.000
 Number of Nodes with overlaps = 0

Phase 2.4 Update Timing
Phase 2.4 Update Timing | Checksum: 1ec978206

Time (s): cpu = 00:00:12 ; elapsed = 00:00:11 . Memory (MB): peak = 1164.195 ; gain = 0.000
INFO: [Route 35-416] Intermediate Timing Summary | WNS=-0.002 | TNS=-0.002 | WHS=-0.282 | THS=-40.105|

Phase 2 Router Initialization | Checksum: 217631bd9

Time (s): cpu = 00:00:13 ; elapsed = 00:00:11 . Memory (MB): peak = 1164.195 ; gain = 0.000

Phase 3 Initial Routing
Phase 3 Initial Routing | Checksum: 182f4f326

Time (s): cpu = 00:00:17 ; elapsed = 00:00:13 . Memory (MB): peak = 1164.195 ; gain = 0.000

Phase 4 Rip-up And Reroute

Phase 4.1 Global Iteration 0
 Number of Nodes with overlaps = 435
 Number of Nodes with overlaps = 124
 Number of Nodes with overlaps = 50
 Number of Nodes with overlaps = 15
 Number of Nodes with overlaps = 3
 Number of Nodes with overlaps = 6
 Number of Nodes with overlaps = 3
 Number of Nodes with overlaps = 3
 Number of Nodes with overlaps = 1
 Number of Nodes with overlaps = 0
INFO: [Route 35-416] Intermediate Timing Summary | WNS=-0.223 | TNS=-0.773 | WHS=N/A    | THS=N/A    |

Phase 4.1 Global Iteration 0 | Checksum: 1b8b5b9f5

Time (s): cpu = 00:00:23 ; elapsed = 00:00:17 . Memory (MB): peak = 1164.195 ; gain = 0.000

Phase 4.2 Global Iteration 1
 Number of Nodes with overlaps = 5
 Number of Nodes with overlaps = 3
 Number of Nodes with overlaps = 0
INFO: [Route 35-416] Intermediate Timing Summary | WNS=-0.223 | TNS=-0.710 | WHS=N/A    | THS=N/A    |

Phase 4.2 Global Iteration 1 | Checksum: 984caefd

Time (s): cpu = 00:00:24 ; elapsed = 00:00:18 . Memory (MB): peak = 1164.195 ; gain = 0.000
Phase 4 Rip-up And Reroute | Checksum: 984caefd

Time (s): cpu = 00:00:24 ; elapsed = 00:00:18 . Memory (MB): peak = 1164.195 ; gain = 0.000

Phase 5 Delay and Skew Optimization

Phase 5.1 Delay CleanUp

Phase 5.1.1 Update Timing
Phase 5.1.1 Update Timing | Checksum: 136d526b8

Time (s): cpu = 00:00:24 ; elapsed = 00:00:18 . Memory (MB): peak = 1164.195 ; gain = 0.000
INFO: [Route 35-416] Intermediate Timing Summary | WNS=-0.108 | TNS=-0.184 | WHS=N/A    | THS=N/A    |

 Number of Nodes with overlaps = 0
Phase 5.1 Delay CleanUp | Checksum: 1583d6a44

Time (s): cpu = 00:00:24 ; elapsed = 00:00:18 . Memory (MB): peak = 1164.195 ; gain = 0.000

Phase 5.2 Clock Skew Optimization
Phase 5.2 Clock Skew Optimization | Checksum: 1583d6a44

Time (s): cpu = 00:00:24 ; elapsed = 00:00:18 . Memory (MB): peak = 1164.195 ; gain = 0.000
Phase 5 Delay and Skew Optimization | Checksum: 1583d6a44

Time (s): cpu = 00:00:24 ; elapsed = 00:00:18 . Memory (MB): peak = 1164.195 ; gain = 0.000

Phase 6 Post Hold Fix

Phase 6.1 Hold Fix Iter

Phase 6.1.1 Update Timing
Phase 6.1.1 Update Timing | Checksum: 164ad2484

Time (s): cpu = 00:00:24 ; elapsed = 00:00:18 . Memory (MB): peak = 1164.195 ; gain = 0.000
INFO: [Route 35-416] Intermediate Timing Summary | WNS=-0.108 | TNS=-0.184 | WHS=-2.164 | THS=-58.870|

Phase 6.1 Hold Fix Iter | Checksum: f60a04fb

Time (s): cpu = 00:00:24 ; elapsed = 00:00:18 . Memory (MB): peak = 1164.195 ; gain = 0.000
Phase 6 Post Hold Fix | Checksum: 1224bc33f

Time (s): cpu = 00:00:24 ; elapsed = 00:00:18 . Memory (MB): peak = 1164.195 ; gain = 0.000

Phase 7 Route finalize

Router Utilization Summary
  Global Vertical Routing Utilization    = 2.65766 %
  Global Horizontal Routing Utilization  = 2.83961 %
  Routable Net Status*
  *Does not include unroutable nets such as driverless and loadless.
  Run report_route_status for detailed report.
  Number of Failed Nets               = 0
  Number of Unrouted Nets             = 0
  Number of Partially Routed Nets     = 0
  Number of Node Overlaps             = 0

Congestion Report
North Dir 1x1 Area, Max Cong = 39.6396%, No Congested Regions.
South Dir 1x1 Area, Max Cong = 45.045%, No Congested Regions.
East Dir 1x1 Area, Max Cong = 55.8824%, No Congested Regions.
West Dir 1x1 Area, Max Cong = 47.0588%, No Congested Regions.
Phase 7 Route finalize | Checksum: e6047cfb

Time (s): cpu = 00:00:24 ; elapsed = 00:00:18 . Memory (MB): peak = 1164.195 ; gain = 0.000

Phase 8 Verifying routed nets

 Verification completed successfully
Phase 8 Verifying routed nets | Checksum: e6047cfb

Time (s): cpu = 00:00:24 ; elapsed = 00:00:18 . Memory (MB): peak = 1164.195 ; gain = 0.000

Phase 9 Depositing Routes
Phase 9 Depositing Routes | Checksum: 172bfa4ce

Time (s): cpu = 00:00:25 ; elapsed = 00:00:18 . Memory (MB): peak = 1164.195 ; gain = 0.000

Phase 10 Post Router Timing

Phase 10.1 Update Timing
Phase 10.1 Update Timing | Checksum: 1e4851a43

Time (s): cpu = 00:00:25 ; elapsed = 00:00:19 . Memory (MB): peak = 1164.195 ; gain = 0.000
INFO: [Route 35-57] Estimated Timing Summary | WNS=-0.108 | TNS=-0.184 | WHS=-2.164 | THS=-58.870|

WARNING: [Route 35-328] Router estimated timing not met.
Resolution: For a complete and accurate timing signoff, report_timing_summary must be run after route_design. Alternatively, route_design can be run with the -timing_summary option to enable a complete timing signoff at the end of route_design.
Phase 10 Post Router Timing | Checksum: 1e4851a43

Time (s): cpu = 00:00:25 ; elapsed = 00:00:19 . Memory (MB): peak = 1164.195 ; gain = 0.000
WARNING: [Route 35-426] Router was unable to fix hold violation on unroutable pins. The router cannot add routing detours to improve hold time because the pins are part of one or more of the following unroutable types: partition pins, fixed routes and intra-site connections.
Resolution: Run report_timing_summary to analyze the hold violations.
INFO: [Route 35-16] Router Completed Successfully

Time (s): cpu = 00:00:25 ; elapsed = 00:00:19 . Memory (MB): peak = 1164.195 ; gain = 0.000

Routing Is Done.
81 Infos, 14 Warnings, 10 Critical Warnings and 0 Errors encountered.
route_design completed successfully
route_design: Time (s): cpu = 00:00:28 ; elapsed = 00:00:20 . Memory (MB): peak = 1164.195 ; gain = 0.000
Writing placer database...
Writing XDEF routing.
Writing XDEF routing logical nets.
Writing XDEF routing special nets.
Write XDEF Complete: Time (s): cpu = 00:00:01 ; elapsed = 00:00:00.386 . Memory (MB): peak = 1164.195 ; gain = 0.000
INFO: [Common 17-1381] The checkpoint 'C:/Users/mWinter/Documents/HiWi_MPQ/RedPitaya_Testing/RedPitaya/fpga/prj/v0.94_edit/project/redpitaya.runs/impl_1/red_pitaya_top_routed.dcp' has been generated.
Command: report_drc -file red_pitaya_top_drc_routed.rpt -pb red_pitaya_top_drc_routed.pb -rpx red_pitaya_top_drc_routed.rpx
INFO: [DRC 23-27] Running DRC with 2 threads
INFO: [Coretcl 2-168] The results of DRC are in file C:/Users/mWinter/Documents/HiWi_MPQ/RedPitaya_Testing/RedPitaya/fpga/prj/v0.94_edit/project/redpitaya.runs/impl_1/red_pitaya_top_drc_routed.rpt.
report_drc completed successfully
Command: report_methodology -file red_pitaya_top_methodology_drc_routed.rpt -rpx red_pitaya_top_methodology_drc_routed.rpx
INFO: [Timing 38-35] Done setting XDC timing constraints.
INFO: [DRC 23-133] Running Methodology with 2 threads
INFO: [Coretcl 2-1520] The results of Report Methodology are in file C:/Users/mWinter/Documents/HiWi_MPQ/RedPitaya_Testing/RedPitaya/fpga/prj/v0.94_edit/project/redpitaya.runs/impl_1/red_pitaya_top_methodology_drc_routed.rpt.
report_methodology completed successfully
Command: report_power -file red_pitaya_top_power_routed.rpt -pb red_pitaya_top_power_summary_routed.pb -rpx red_pitaya_top_power_routed.rpx
INFO: [Power 33-23] Power model is not available for i_DNA
INFO: [Timing 38-35] Done setting XDC timing constraints.
Running Vector-less Activity Propagation...

Finished Running Vector-less Activity Propagation
89 Infos, 14 Warnings, 10 Critical Warnings and 0 Errors encountered.
report_power completed successfully
INFO: [Timing 38-91] UpdateTimingParams: Speed grade: -1, Delay Type: min_max.
INFO: [Timing 38-191] Multithreading enabled for timing update using a maximum of 2 CPUs
CRITICAL WARNING: [Timing 38-282] The design failed to meet the timing requirements. Please see the timing summary report for details on the timing violations.
Command: write_bitstream -force red_pitaya_top.bit
Attempting to get a license for feature 'Implementation' and/or device 'xc7z010-clg400'
INFO: [Common 17-349] Got license for feature 'Implementation' and/or device 'xc7z010-clg400'
Running DRC as a precondition to command write_bitstream
Command: report_drc (run_mandatory_drcs) for: bitstream_checks
INFO: [DRC 23-27] Running DRC with 2 threads
WARNING: [DRC DPIP-1] Input pipelining: DSP pg/pctrl/scaled_error_reg input pg/pctrl/scaled_error_reg/A[29:0] is not pipelined. Pipelining DSP48 input will improve performance.
WARNING: [DRC DPOP-1] PREG Output pipelining: DSP pg/pctrl/scaled_error_reg output pg/pctrl/scaled_error_reg/P[47:0] is not pipelined (PREG=0). Pipelining the DSP48 output will improve performance and often saves power so it is suggested whenever possible to fully pipeline this function.  If this DSP48 function was inferred, it is suggested to describe an additional register stage after this function.  If the DSP48 was instantiated in the design, it is suggested to set the PREG attribute to 1.
WARNING: [DRC RPBF-3] IO port buffering is incomplete: Device port led_o[6] expects both input and output buffering but the buffers are incomplete.
WARNING: [DRC RPBF-3] IO port buffering is incomplete: Device port led_o[7] expects both input and output buffering but the buffers are incomplete.
report_drc (run_mandatory_drcs) completed successfully
INFO: [Vivado 12-3199] DRC finished with 0 Errors, 4 Warnings
INFO: [Vivado 12-3200] Please refer to the DRC report (report_drc) for more information.
INFO: [Project 1-821] Please set project.enableDesignId to be 'true'.
INFO: [Designutils 20-2272] Running write_bitstream with 2 threads.
Loading data files...
Loading site data...
Loading route data...
Processing options...
Creating bitmap...
Creating bitstream...
Writing bitstream ./red_pitaya_top.bit...
INFO: [Vivado 12-1842] Bitgen Completed Successfully.
INFO: [Project 1-120] WebTalk data collection is mandatory when using a WebPACK part without a full Vivado license. To see the specific WebTalk data collected for your design, open the usage_statistics_webtalk.html or usage_statistics_webtalk.xml file in the implementation directory.
99 Infos, 18 Warnings, 11 Critical Warnings and 0 Errors encountered.
write_bitstream completed successfully
write_bitstream: Time (s): cpu = 00:00:17 ; elapsed = 00:00:15 . Memory (MB): peak = 1526.227 ; gain = 344.309
INFO: [Common 17-206] Exiting Vivado at Fri Nov 20 11:59:21 2020...
