
*** Running vivado
    with args -log system_axi_protocol_converter_0_0.vds -m64 -product Vivado -mode batch -messageDb vivado.pb -notrace -source system_axi_protocol_converter_0_0.tcl


****** Vivado v2017.2 (64-bit)
  **** SW Build 1909853 on Thu Jun 15 18:39:10 MDT 2017
  **** IP Build 1909766 on Thu Jun 15 19:58:00 MDT 2017
    ** Copyright 1986-2017 Xilinx, Inc. All Rights Reserved.

source system_axi_protocol_converter_0_0.tcl -notrace
Starting RTL Elaboration : Time (s): cpu = 00:00:05 ; elapsed = 00:00:05 . Memory (MB): peak = 1159.852 ; gain = 58.996 ; free physical = 1124 ; free virtual = 25190
INFO: [Synth 8-638] synthesizing module 'system_axi_protocol_converter_0_0' [/home/maximilian/LRZ_Sync+Share/Studium/WS2021/HiWi_MPQ/Lukas_Projekt/Pulse Stabilization Red Pitaya/RedPitaya/fpga/prj/v0.94_edit/project/redpitaya.srcs/sources_1/bd/system/ip/system_axi_protocol_converter_0_0/synth/system_axi_protocol_converter_0_0.v:58]
INFO: [Synth 8-638] synthesizing module 'axi_protocol_converter_v2_1_13_axi_protocol_converter' [/home/maximilian/LRZ_Sync+Share/Studium/WS2021/HiWi_MPQ/Lukas_Projekt/Pulse Stabilization Red Pitaya/RedPitaya/fpga/prj/v0.94_edit/project/redpitaya.srcs/sources_1/bd/system/ipshared/f0ae/hdl/axi_protocol_converter_v2_1_vl_rfs.v:4811]
INFO: [Synth 8-638] synthesizing module 'axi_protocol_converter_v2_1_13_b2s' [/home/maximilian/LRZ_Sync+Share/Studium/WS2021/HiWi_MPQ/Lukas_Projekt/Pulse Stabilization Red Pitaya/RedPitaya/fpga/prj/v0.94_edit/project/redpitaya.srcs/sources_1/bd/system/ipshared/f0ae/hdl/axi_protocol_converter_v2_1_vl_rfs.v:4229]
INFO: [Synth 8-638] synthesizing module 'axi_protocol_converter_v2_1_13_b2s_aw_channel' [/home/maximilian/LRZ_Sync+Share/Studium/WS2021/HiWi_MPQ/Lukas_Projekt/Pulse Stabilization Red Pitaya/RedPitaya/fpga/prj/v0.94_edit/project/redpitaya.srcs/sources_1/bd/system/ipshared/f0ae/hdl/axi_protocol_converter_v2_1_vl_rfs.v:3974]
INFO: [Synth 8-638] synthesizing module 'axi_protocol_converter_v2_1_13_b2s_cmd_translator' [/home/maximilian/LRZ_Sync+Share/Studium/WS2021/HiWi_MPQ/Lukas_Projekt/Pulse Stabilization Red Pitaya/RedPitaya/fpga/prj/v0.94_edit/project/redpitaya.srcs/sources_1/bd/system/ipshared/f0ae/hdl/axi_protocol_converter_v2_1_vl_rfs.v:3467]
INFO: [Synth 8-638] synthesizing module 'axi_protocol_converter_v2_1_13_b2s_incr_cmd' [/home/maximilian/LRZ_Sync+Share/Studium/WS2021/HiWi_MPQ/Lukas_Projekt/Pulse Stabilization Red Pitaya/RedPitaya/fpga/prj/v0.94_edit/project/redpitaya.srcs/sources_1/bd/system/ipshared/f0ae/hdl/axi_protocol_converter_v2_1_vl_rfs.v:3093]
INFO: [Synth 8-256] done synthesizing module 'axi_protocol_converter_v2_1_13_b2s_incr_cmd' (1#1) [/home/maximilian/LRZ_Sync+Share/Studium/WS2021/HiWi_MPQ/Lukas_Projekt/Pulse Stabilization Red Pitaya/RedPitaya/fpga/prj/v0.94_edit/project/redpitaya.srcs/sources_1/bd/system/ipshared/f0ae/hdl/axi_protocol_converter_v2_1_vl_rfs.v:3093]
INFO: [Synth 8-638] synthesizing module 'axi_protocol_converter_v2_1_13_b2s_wrap_cmd' [/home/maximilian/LRZ_Sync+Share/Studium/WS2021/HiWi_MPQ/Lukas_Projekt/Pulse Stabilization Red Pitaya/RedPitaya/fpga/prj/v0.94_edit/project/redpitaya.srcs/sources_1/bd/system/ipshared/f0ae/hdl/axi_protocol_converter_v2_1_vl_rfs.v:2903]
INFO: [Synth 8-256] done synthesizing module 'axi_protocol_converter_v2_1_13_b2s_wrap_cmd' (2#1) [/home/maximilian/LRZ_Sync+Share/Studium/WS2021/HiWi_MPQ/Lukas_Projekt/Pulse Stabilization Red Pitaya/RedPitaya/fpga/prj/v0.94_edit/project/redpitaya.srcs/sources_1/bd/system/ipshared/f0ae/hdl/axi_protocol_converter_v2_1_vl_rfs.v:2903]
INFO: [Synth 8-256] done synthesizing module 'axi_protocol_converter_v2_1_13_b2s_cmd_translator' (3#1) [/home/maximilian/LRZ_Sync+Share/Studium/WS2021/HiWi_MPQ/Lukas_Projekt/Pulse Stabilization Red Pitaya/RedPitaya/fpga/prj/v0.94_edit/project/redpitaya.srcs/sources_1/bd/system/ipshared/f0ae/hdl/axi_protocol_converter_v2_1_vl_rfs.v:3467]
INFO: [Synth 8-638] synthesizing module 'axi_protocol_converter_v2_1_13_b2s_wr_cmd_fsm' [/home/maximilian/LRZ_Sync+Share/Studium/WS2021/HiWi_MPQ/Lukas_Projekt/Pulse Stabilization Red Pitaya/RedPitaya/fpga/prj/v0.94_edit/project/redpitaya.srcs/sources_1/bd/system/ipshared/f0ae/hdl/axi_protocol_converter_v2_1_vl_rfs.v:3225]
INFO: [Synth 8-256] done synthesizing module 'axi_protocol_converter_v2_1_13_b2s_wr_cmd_fsm' (4#1) [/home/maximilian/LRZ_Sync+Share/Studium/WS2021/HiWi_MPQ/Lukas_Projekt/Pulse Stabilization Red Pitaya/RedPitaya/fpga/prj/v0.94_edit/project/redpitaya.srcs/sources_1/bd/system/ipshared/f0ae/hdl/axi_protocol_converter_v2_1_vl_rfs.v:3225]
INFO: [Synth 8-256] done synthesizing module 'axi_protocol_converter_v2_1_13_b2s_aw_channel' (5#1) [/home/maximilian/LRZ_Sync+Share/Studium/WS2021/HiWi_MPQ/Lukas_Projekt/Pulse Stabilization Red Pitaya/RedPitaya/fpga/prj/v0.94_edit/project/redpitaya.srcs/sources_1/bd/system/ipshared/f0ae/hdl/axi_protocol_converter_v2_1_vl_rfs.v:3974]
INFO: [Synth 8-638] synthesizing module 'axi_protocol_converter_v2_1_13_b2s_b_channel' [/home/maximilian/LRZ_Sync+Share/Studium/WS2021/HiWi_MPQ/Lukas_Projekt/Pulse Stabilization Red Pitaya/RedPitaya/fpga/prj/v0.94_edit/project/redpitaya.srcs/sources_1/bd/system/ipshared/f0ae/hdl/axi_protocol_converter_v2_1_vl_rfs.v:3609]
INFO: [Synth 8-638] synthesizing module 'axi_protocol_converter_v2_1_13_b2s_simple_fifo' [/home/maximilian/LRZ_Sync+Share/Studium/WS2021/HiWi_MPQ/Lukas_Projekt/Pulse Stabilization Red Pitaya/RedPitaya/fpga/prj/v0.94_edit/project/redpitaya.srcs/sources_1/bd/system/ipshared/f0ae/hdl/axi_protocol_converter_v2_1_vl_rfs.v:2816]
INFO: [Synth 8-256] done synthesizing module 'axi_protocol_converter_v2_1_13_b2s_simple_fifo' (6#1) [/home/maximilian/LRZ_Sync+Share/Studium/WS2021/HiWi_MPQ/Lukas_Projekt/Pulse Stabilization Red Pitaya/RedPitaya/fpga/prj/v0.94_edit/project/redpitaya.srcs/sources_1/bd/system/ipshared/f0ae/hdl/axi_protocol_converter_v2_1_vl_rfs.v:2816]
INFO: [Synth 8-638] synthesizing module 'axi_protocol_converter_v2_1_13_b2s_simple_fifo__parameterized0' [/home/maximilian/LRZ_Sync+Share/Studium/WS2021/HiWi_MPQ/Lukas_Projekt/Pulse Stabilization Red Pitaya/RedPitaya/fpga/prj/v0.94_edit/project/redpitaya.srcs/sources_1/bd/system/ipshared/f0ae/hdl/axi_protocol_converter_v2_1_vl_rfs.v:2816]
INFO: [Synth 8-256] done synthesizing module 'axi_protocol_converter_v2_1_13_b2s_simple_fifo__parameterized0' (6#1) [/home/maximilian/LRZ_Sync+Share/Studium/WS2021/HiWi_MPQ/Lukas_Projekt/Pulse Stabilization Red Pitaya/RedPitaya/fpga/prj/v0.94_edit/project/redpitaya.srcs/sources_1/bd/system/ipshared/f0ae/hdl/axi_protocol_converter_v2_1_vl_rfs.v:2816]
INFO: [Synth 8-256] done synthesizing module 'axi_protocol_converter_v2_1_13_b2s_b_channel' (7#1) [/home/maximilian/LRZ_Sync+Share/Studium/WS2021/HiWi_MPQ/Lukas_Projekt/Pulse Stabilization Red Pitaya/RedPitaya/fpga/prj/v0.94_edit/project/redpitaya.srcs/sources_1/bd/system/ipshared/f0ae/hdl/axi_protocol_converter_v2_1_vl_rfs.v:3609]
INFO: [Synth 8-638] synthesizing module 'axi_protocol_converter_v2_1_13_b2s_ar_channel' [/home/maximilian/LRZ_Sync+Share/Studium/WS2021/HiWi_MPQ/Lukas_Projekt/Pulse Stabilization Red Pitaya/RedPitaya/fpga/prj/v0.94_edit/project/redpitaya.srcs/sources_1/bd/system/ipshared/f0ae/hdl/axi_protocol_converter_v2_1_vl_rfs.v:4085]
INFO: [Synth 8-638] synthesizing module 'axi_protocol_converter_v2_1_13_b2s_rd_cmd_fsm' [/home/maximilian/LRZ_Sync+Share/Studium/WS2021/HiWi_MPQ/Lukas_Projekt/Pulse Stabilization Red Pitaya/RedPitaya/fpga/prj/v0.94_edit/project/redpitaya.srcs/sources_1/bd/system/ipshared/f0ae/hdl/axi_protocol_converter_v2_1_vl_rfs.v:3336]
INFO: [Synth 8-256] done synthesizing module 'axi_protocol_converter_v2_1_13_b2s_rd_cmd_fsm' (8#1) [/home/maximilian/LRZ_Sync+Share/Studium/WS2021/HiWi_MPQ/Lukas_Projekt/Pulse Stabilization Red Pitaya/RedPitaya/fpga/prj/v0.94_edit/project/redpitaya.srcs/sources_1/bd/system/ipshared/f0ae/hdl/axi_protocol_converter_v2_1_vl_rfs.v:3336]
INFO: [Synth 8-256] done synthesizing module 'axi_protocol_converter_v2_1_13_b2s_ar_channel' (9#1) [/home/maximilian/LRZ_Sync+Share/Studium/WS2021/HiWi_MPQ/Lukas_Projekt/Pulse Stabilization Red Pitaya/RedPitaya/fpga/prj/v0.94_edit/project/redpitaya.srcs/sources_1/bd/system/ipshared/f0ae/hdl/axi_protocol_converter_v2_1_vl_rfs.v:4085]
INFO: [Synth 8-638] synthesizing module 'axi_protocol_converter_v2_1_13_b2s_r_channel' [/home/maximilian/LRZ_Sync+Share/Studium/WS2021/HiWi_MPQ/Lukas_Projekt/Pulse Stabilization Red Pitaya/RedPitaya/fpga/prj/v0.94_edit/project/redpitaya.srcs/sources_1/bd/system/ipshared/f0ae/hdl/axi_protocol_converter_v2_1_vl_rfs.v:3814]
INFO: [Synth 8-638] synthesizing module 'axi_protocol_converter_v2_1_13_b2s_simple_fifo__parameterized1' [/home/maximilian/LRZ_Sync+Share/Studium/WS2021/HiWi_MPQ/Lukas_Projekt/Pulse Stabilization Red Pitaya/RedPitaya/fpga/prj/v0.94_edit/project/redpitaya.srcs/sources_1/bd/system/ipshared/f0ae/hdl/axi_protocol_converter_v2_1_vl_rfs.v:2816]
INFO: [Synth 8-256] done synthesizing module 'axi_protocol_converter_v2_1_13_b2s_simple_fifo__parameterized1' (9#1) [/home/maximilian/LRZ_Sync+Share/Studium/WS2021/HiWi_MPQ/Lukas_Projekt/Pulse Stabilization Red Pitaya/RedPitaya/fpga/prj/v0.94_edit/project/redpitaya.srcs/sources_1/bd/system/ipshared/f0ae/hdl/axi_protocol_converter_v2_1_vl_rfs.v:2816]
INFO: [Synth 8-638] synthesizing module 'axi_protocol_converter_v2_1_13_b2s_simple_fifo__parameterized2' [/home/maximilian/LRZ_Sync+Share/Studium/WS2021/HiWi_MPQ/Lukas_Projekt/Pulse Stabilization Red Pitaya/RedPitaya/fpga/prj/v0.94_edit/project/redpitaya.srcs/sources_1/bd/system/ipshared/f0ae/hdl/axi_protocol_converter_v2_1_vl_rfs.v:2816]
INFO: [Synth 8-256] done synthesizing module 'axi_protocol_converter_v2_1_13_b2s_simple_fifo__parameterized2' (9#1) [/home/maximilian/LRZ_Sync+Share/Studium/WS2021/HiWi_MPQ/Lukas_Projekt/Pulse Stabilization Red Pitaya/RedPitaya/fpga/prj/v0.94_edit/project/redpitaya.srcs/sources_1/bd/system/ipshared/f0ae/hdl/axi_protocol_converter_v2_1_vl_rfs.v:2816]
INFO: [Synth 8-256] done synthesizing module 'axi_protocol_converter_v2_1_13_b2s_r_channel' (10#1) [/home/maximilian/LRZ_Sync+Share/Studium/WS2021/HiWi_MPQ/Lukas_Projekt/Pulse Stabilization Red Pitaya/RedPitaya/fpga/prj/v0.94_edit/project/redpitaya.srcs/sources_1/bd/system/ipshared/f0ae/hdl/axi_protocol_converter_v2_1_vl_rfs.v:3814]
INFO: [Synth 8-638] synthesizing module 'axi_register_slice_v2_1_13_axi_register_slice' [/home/maximilian/LRZ_Sync+Share/Studium/WS2021/HiWi_MPQ/Lukas_Projekt/Pulse Stabilization Red Pitaya/RedPitaya/fpga/prj/v0.94_edit/project/redpitaya.srcs/sources_1/bd/system/ipshared/55c0/hdl/axi_register_slice_v2_1_vl_rfs.v:791]
INFO: [Synth 8-638] synthesizing module 'axi_infrastructure_v1_1_0_axi2vector' [/home/maximilian/LRZ_Sync+Share/Studium/WS2021/HiWi_MPQ/Lukas_Projekt/Pulse Stabilization Red Pitaya/RedPitaya/fpga/prj/v0.94_edit/project/redpitaya.srcs/sources_1/bd/system/ipshared/7e3a/hdl/axi_infrastructure_v1_1_vl_rfs.v:60]
INFO: [Synth 8-256] done synthesizing module 'axi_infrastructure_v1_1_0_axi2vector' (11#1) [/home/maximilian/LRZ_Sync+Share/Studium/WS2021/HiWi_MPQ/Lukas_Projekt/Pulse Stabilization Red Pitaya/RedPitaya/fpga/prj/v0.94_edit/project/redpitaya.srcs/sources_1/bd/system/ipshared/7e3a/hdl/axi_infrastructure_v1_1_vl_rfs.v:60]
INFO: [Synth 8-638] synthesizing module 'axi_register_slice_v2_1_13_axic_register_slice' [/home/maximilian/LRZ_Sync+Share/Studium/WS2021/HiWi_MPQ/Lukas_Projekt/Pulse Stabilization Red Pitaya/RedPitaya/fpga/prj/v0.94_edit/project/redpitaya.srcs/sources_1/bd/system/ipshared/55c0/hdl/axi_register_slice_v2_1_vl_rfs.v:85]
INFO: [Synth 8-256] done synthesizing module 'axi_register_slice_v2_1_13_axic_register_slice' (12#1) [/home/maximilian/LRZ_Sync+Share/Studium/WS2021/HiWi_MPQ/Lukas_Projekt/Pulse Stabilization Red Pitaya/RedPitaya/fpga/prj/v0.94_edit/project/redpitaya.srcs/sources_1/bd/system/ipshared/55c0/hdl/axi_register_slice_v2_1_vl_rfs.v:85]
INFO: [Synth 8-638] synthesizing module 'axi_register_slice_v2_1_13_axic_register_slice__parameterized0' [/home/maximilian/LRZ_Sync+Share/Studium/WS2021/HiWi_MPQ/Lukas_Projekt/Pulse Stabilization Red Pitaya/RedPitaya/fpga/prj/v0.94_edit/project/redpitaya.srcs/sources_1/bd/system/ipshared/55c0/hdl/axi_register_slice_v2_1_vl_rfs.v:85]
INFO: [Synth 8-256] done synthesizing module 'axi_register_slice_v2_1_13_axic_register_slice__parameterized0' (12#1) [/home/maximilian/LRZ_Sync+Share/Studium/WS2021/HiWi_MPQ/Lukas_Projekt/Pulse Stabilization Red Pitaya/RedPitaya/fpga/prj/v0.94_edit/project/redpitaya.srcs/sources_1/bd/system/ipshared/55c0/hdl/axi_register_slice_v2_1_vl_rfs.v:85]
INFO: [Synth 8-638] synthesizing module 'axi_register_slice_v2_1_13_axic_register_slice__parameterized1' [/home/maximilian/LRZ_Sync+Share/Studium/WS2021/HiWi_MPQ/Lukas_Projekt/Pulse Stabilization Red Pitaya/RedPitaya/fpga/prj/v0.94_edit/project/redpitaya.srcs/sources_1/bd/system/ipshared/55c0/hdl/axi_register_slice_v2_1_vl_rfs.v:85]
INFO: [Synth 8-256] done synthesizing module 'axi_register_slice_v2_1_13_axic_register_slice__parameterized1' (12#1) [/home/maximilian/LRZ_Sync+Share/Studium/WS2021/HiWi_MPQ/Lukas_Projekt/Pulse Stabilization Red Pitaya/RedPitaya/fpga/prj/v0.94_edit/project/redpitaya.srcs/sources_1/bd/system/ipshared/55c0/hdl/axi_register_slice_v2_1_vl_rfs.v:85]
INFO: [Synth 8-638] synthesizing module 'axi_register_slice_v2_1_13_axic_register_slice__parameterized2' [/home/maximilian/LRZ_Sync+Share/Studium/WS2021/HiWi_MPQ/Lukas_Projekt/Pulse Stabilization Red Pitaya/RedPitaya/fpga/prj/v0.94_edit/project/redpitaya.srcs/sources_1/bd/system/ipshared/55c0/hdl/axi_register_slice_v2_1_vl_rfs.v:85]
INFO: [Synth 8-256] done synthesizing module 'axi_register_slice_v2_1_13_axic_register_slice__parameterized2' (12#1) [/home/maximilian/LRZ_Sync+Share/Studium/WS2021/HiWi_MPQ/Lukas_Projekt/Pulse Stabilization Red Pitaya/RedPitaya/fpga/prj/v0.94_edit/project/redpitaya.srcs/sources_1/bd/system/ipshared/55c0/hdl/axi_register_slice_v2_1_vl_rfs.v:85]
INFO: [Synth 8-638] synthesizing module 'axi_infrastructure_v1_1_0_vector2axi' [/home/maximilian/LRZ_Sync+Share/Studium/WS2021/HiWi_MPQ/Lukas_Projekt/Pulse Stabilization Red Pitaya/RedPitaya/fpga/prj/v0.94_edit/project/redpitaya.srcs/sources_1/bd/system/ipshared/7e3a/hdl/axi_infrastructure_v1_1_vl_rfs.v:474]
INFO: [Synth 8-256] done synthesizing module 'axi_infrastructure_v1_1_0_vector2axi' (13#1) [/home/maximilian/LRZ_Sync+Share/Studium/WS2021/HiWi_MPQ/Lukas_Projekt/Pulse Stabilization Red Pitaya/RedPitaya/fpga/prj/v0.94_edit/project/redpitaya.srcs/sources_1/bd/system/ipshared/7e3a/hdl/axi_infrastructure_v1_1_vl_rfs.v:474]
INFO: [Synth 8-256] done synthesizing module 'axi_register_slice_v2_1_13_axi_register_slice' (14#1) [/home/maximilian/LRZ_Sync+Share/Studium/WS2021/HiWi_MPQ/Lukas_Projekt/Pulse Stabilization Red Pitaya/RedPitaya/fpga/prj/v0.94_edit/project/redpitaya.srcs/sources_1/bd/system/ipshared/55c0/hdl/axi_register_slice_v2_1_vl_rfs.v:791]
INFO: [Synth 8-638] synthesizing module 'axi_register_slice_v2_1_13_axi_register_slice__parameterized0' [/home/maximilian/LRZ_Sync+Share/Studium/WS2021/HiWi_MPQ/Lukas_Projekt/Pulse Stabilization Red Pitaya/RedPitaya/fpga/prj/v0.94_edit/project/redpitaya.srcs/sources_1/bd/system/ipshared/55c0/hdl/axi_register_slice_v2_1_vl_rfs.v:791]
INFO: [Synth 8-638] synthesizing module 'axi_infrastructure_v1_1_0_axi2vector__parameterized0' [/home/maximilian/LRZ_Sync+Share/Studium/WS2021/HiWi_MPQ/Lukas_Projekt/Pulse Stabilization Red Pitaya/RedPitaya/fpga/prj/v0.94_edit/project/redpitaya.srcs/sources_1/bd/system/ipshared/7e3a/hdl/axi_infrastructure_v1_1_vl_rfs.v:60]
INFO: [Synth 8-256] done synthesizing module 'axi_infrastructure_v1_1_0_axi2vector__parameterized0' (14#1) [/home/maximilian/LRZ_Sync+Share/Studium/WS2021/HiWi_MPQ/Lukas_Projekt/Pulse Stabilization Red Pitaya/RedPitaya/fpga/prj/v0.94_edit/project/redpitaya.srcs/sources_1/bd/system/ipshared/7e3a/hdl/axi_infrastructure_v1_1_vl_rfs.v:60]
INFO: [Synth 8-638] synthesizing module 'axi_register_slice_v2_1_13_axic_register_slice__parameterized3' [/home/maximilian/LRZ_Sync+Share/Studium/WS2021/HiWi_MPQ/Lukas_Projekt/Pulse Stabilization Red Pitaya/RedPitaya/fpga/prj/v0.94_edit/project/redpitaya.srcs/sources_1/bd/system/ipshared/55c0/hdl/axi_register_slice_v2_1_vl_rfs.v:85]
INFO: [Synth 8-256] done synthesizing module 'axi_register_slice_v2_1_13_axic_register_slice__parameterized3' (14#1) [/home/maximilian/LRZ_Sync+Share/Studium/WS2021/HiWi_MPQ/Lukas_Projekt/Pulse Stabilization Red Pitaya/RedPitaya/fpga/prj/v0.94_edit/project/redpitaya.srcs/sources_1/bd/system/ipshared/55c0/hdl/axi_register_slice_v2_1_vl_rfs.v:85]
INFO: [Synth 8-638] synthesizing module 'axi_register_slice_v2_1_13_axic_register_slice__parameterized4' [/home/maximilian/LRZ_Sync+Share/Studium/WS2021/HiWi_MPQ/Lukas_Projekt/Pulse Stabilization Red Pitaya/RedPitaya/fpga/prj/v0.94_edit/project/redpitaya.srcs/sources_1/bd/system/ipshared/55c0/hdl/axi_register_slice_v2_1_vl_rfs.v:85]
INFO: [Synth 8-256] done synthesizing module 'axi_register_slice_v2_1_13_axic_register_slice__parameterized4' (14#1) [/home/maximilian/LRZ_Sync+Share/Studium/WS2021/HiWi_MPQ/Lukas_Projekt/Pulse Stabilization Red Pitaya/RedPitaya/fpga/prj/v0.94_edit/project/redpitaya.srcs/sources_1/bd/system/ipshared/55c0/hdl/axi_register_slice_v2_1_vl_rfs.v:85]
INFO: [Synth 8-638] synthesizing module 'axi_register_slice_v2_1_13_axic_register_slice__parameterized5' [/home/maximilian/LRZ_Sync+Share/Studium/WS2021/HiWi_MPQ/Lukas_Projekt/Pulse Stabilization Red Pitaya/RedPitaya/fpga/prj/v0.94_edit/project/redpitaya.srcs/sources_1/bd/system/ipshared/55c0/hdl/axi_register_slice_v2_1_vl_rfs.v:85]
INFO: [Synth 8-256] done synthesizing module 'axi_register_slice_v2_1_13_axic_register_slice__parameterized5' (14#1) [/home/maximilian/LRZ_Sync+Share/Studium/WS2021/HiWi_MPQ/Lukas_Projekt/Pulse Stabilization Red Pitaya/RedPitaya/fpga/prj/v0.94_edit/project/redpitaya.srcs/sources_1/bd/system/ipshared/55c0/hdl/axi_register_slice_v2_1_vl_rfs.v:85]
INFO: [Synth 8-638] synthesizing module 'axi_register_slice_v2_1_13_axic_register_slice__parameterized6' [/home/maximilian/LRZ_Sync+Share/Studium/WS2021/HiWi_MPQ/Lukas_Projekt/Pulse Stabilization Red Pitaya/RedPitaya/fpga/prj/v0.94_edit/project/redpitaya.srcs/sources_1/bd/system/ipshared/55c0/hdl/axi_register_slice_v2_1_vl_rfs.v:85]
INFO: [Synth 8-256] done synthesizing module 'axi_register_slice_v2_1_13_axic_register_slice__parameterized6' (14#1) [/home/maximilian/LRZ_Sync+Share/Studium/WS2021/HiWi_MPQ/Lukas_Projekt/Pulse Stabilization Red Pitaya/RedPitaya/fpga/prj/v0.94_edit/project/redpitaya.srcs/sources_1/bd/system/ipshared/55c0/hdl/axi_register_slice_v2_1_vl_rfs.v:85]
INFO: [Synth 8-638] synthesizing module 'axi_infrastructure_v1_1_0_vector2axi__parameterized0' [/home/maximilian/LRZ_Sync+Share/Studium/WS2021/HiWi_MPQ/Lukas_Projekt/Pulse Stabilization Red Pitaya/RedPitaya/fpga/prj/v0.94_edit/project/redpitaya.srcs/sources_1/bd/system/ipshared/7e3a/hdl/axi_infrastructure_v1_1_vl_rfs.v:474]
INFO: [Synth 8-256] done synthesizing module 'axi_infrastructure_v1_1_0_vector2axi__parameterized0' (14#1) [/home/maximilian/LRZ_Sync+Share/Studium/WS2021/HiWi_MPQ/Lukas_Projekt/Pulse Stabilization Red Pitaya/RedPitaya/fpga/prj/v0.94_edit/project/redpitaya.srcs/sources_1/bd/system/ipshared/7e3a/hdl/axi_infrastructure_v1_1_vl_rfs.v:474]
INFO: [Synth 8-256] done synthesizing module 'axi_register_slice_v2_1_13_axi_register_slice__parameterized0' (14#1) [/home/maximilian/LRZ_Sync+Share/Studium/WS2021/HiWi_MPQ/Lukas_Projekt/Pulse Stabilization Red Pitaya/RedPitaya/fpga/prj/v0.94_edit/project/redpitaya.srcs/sources_1/bd/system/ipshared/55c0/hdl/axi_register_slice_v2_1_vl_rfs.v:791]
INFO: [Synth 8-256] done synthesizing module 'axi_protocol_converter_v2_1_13_b2s' (15#1) [/home/maximilian/LRZ_Sync+Share/Studium/WS2021/HiWi_MPQ/Lukas_Projekt/Pulse Stabilization Red Pitaya/RedPitaya/fpga/prj/v0.94_edit/project/redpitaya.srcs/sources_1/bd/system/ipshared/f0ae/hdl/axi_protocol_converter_v2_1_vl_rfs.v:4229]
INFO: [Synth 8-256] done synthesizing module 'axi_protocol_converter_v2_1_13_axi_protocol_converter' (16#1) [/home/maximilian/LRZ_Sync+Share/Studium/WS2021/HiWi_MPQ/Lukas_Projekt/Pulse Stabilization Red Pitaya/RedPitaya/fpga/prj/v0.94_edit/project/redpitaya.srcs/sources_1/bd/system/ipshared/f0ae/hdl/axi_protocol_converter_v2_1_vl_rfs.v:4811]
INFO: [Synth 8-256] done synthesizing module 'system_axi_protocol_converter_0_0' (17#1) [/home/maximilian/LRZ_Sync+Share/Studium/WS2021/HiWi_MPQ/Lukas_Projekt/Pulse Stabilization Red Pitaya/RedPitaya/fpga/prj/v0.94_edit/project/redpitaya.srcs/sources_1/bd/system/ip/system_axi_protocol_converter_0_0/synth/system_axi_protocol_converter_0_0.v:58]
Finished RTL Elaboration : Time (s): cpu = 00:00:29 ; elapsed = 00:00:29 . Memory (MB): peak = 1280.352 ; gain = 179.496 ; free physical = 618 ; free virtual = 24702
Finished RTL Optimization Phase 1 : Time (s): cpu = 00:00:29 ; elapsed = 00:00:29 . Memory (MB): peak = 1280.352 ; gain = 179.496 ; free physical = 652 ; free virtual = 24736
INFO: [Device 21-403] Loading part xc7z010clg400-1
Constraint Validation Runtime : Time (s): cpu = 00:00:00.08 ; elapsed = 00:00:00.03 . Memory (MB): peak = 1560.391 ; gain = 0.000 ; free physical = 1375 ; free virtual = 25461
Finished Constraint Validation : Time (s): cpu = 00:00:38 ; elapsed = 00:00:39 . Memory (MB): peak = 1560.391 ; gain = 459.535 ; free physical = 1333 ; free virtual = 25423
Finished Loading Part and Timing Information : Time (s): cpu = 00:00:38 ; elapsed = 00:00:39 . Memory (MB): peak = 1560.391 ; gain = 459.535 ; free physical = 1333 ; free virtual = 25423
Finished applying 'set_property' XDC Constraints : Time (s): cpu = 00:00:38 ; elapsed = 00:00:39 . Memory (MB): peak = 1560.391 ; gain = 459.535 ; free physical = 1335 ; free virtual = 25425
Finished RTL Optimization Phase 2 : Time (s): cpu = 00:00:39 ; elapsed = 00:00:39 . Memory (MB): peak = 1560.391 ; gain = 459.535 ; free physical = 1306 ; free virtual = 25396
Finished Cross Boundary and Area Optimization : Time (s): cpu = 00:00:40 ; elapsed = 00:00:41 . Memory (MB): peak = 1560.391 ; gain = 459.535 ; free physical = 1271 ; free virtual = 25360
Finished Applying XDC Timing Constraints : Time (s): cpu = 00:00:45 ; elapsed = 00:00:46 . Memory (MB): peak = 1560.391 ; gain = 459.535 ; free physical = 1096 ; free virtual = 25180
Finished Timing Optimization : Time (s): cpu = 00:00:47 ; elapsed = 00:00:48 . Memory (MB): peak = 1560.391 ; gain = 459.535 ; free physical = 1053 ; free virtual = 25138
Finished Technology Mapping : Time (s): cpu = 00:00:47 ; elapsed = 00:00:48 . Memory (MB): peak = 1561.992 ; gain = 461.137 ; free physical = 1049 ; free virtual = 25134
Finished IO Insertion : Time (s): cpu = 00:00:47 ; elapsed = 00:00:48 . Memory (MB): peak = 1561.992 ; gain = 461.137 ; free physical = 1044 ; free virtual = 25129
Finished Renaming Generated Instances : Time (s): cpu = 00:00:47 ; elapsed = 00:00:48 . Memory (MB): peak = 1561.992 ; gain = 461.137 ; free physical = 1044 ; free virtual = 25129
Finished Rebuilding User Hierarchy : Time (s): cpu = 00:00:47 ; elapsed = 00:00:48 . Memory (MB): peak = 1561.992 ; gain = 461.137 ; free physical = 1043 ; free virtual = 25128
Finished Renaming Generated Ports : Time (s): cpu = 00:00:47 ; elapsed = 00:00:48 . Memory (MB): peak = 1561.992 ; gain = 461.137 ; free physical = 1043 ; free virtual = 25128
Finished Handling Custom Attributes : Time (s): cpu = 00:00:47 ; elapsed = 00:00:48 . Memory (MB): peak = 1561.992 ; gain = 461.137 ; free physical = 1043 ; free virtual = 25127
Finished Renaming Generated Nets : Time (s): cpu = 00:00:47 ; elapsed = 00:00:48 . Memory (MB): peak = 1561.992 ; gain = 461.137 ; free physical = 1043 ; free virtual = 25127

Report Cell Usage: 
+------+--------+------+
|      |Cell    |Count |
+------+--------+------+
|1     |CARRY4  |    18|
|2     |LUT1    |    38|
|3     |LUT2    |    18|
|4     |LUT3    |   236|
|5     |LUT4    |    48|
|6     |LUT5    |    73|
|7     |LUT6    |   103|
|8     |SRL16E  |    18|
|9     |SRLC32E |    47|
|10    |FDRE    |   550|
|11    |FDSE    |    48|
+------+--------+------+
Finished Writing Synthesis Report : Time (s): cpu = 00:00:47 ; elapsed = 00:00:48 . Memory (MB): peak = 1561.992 ; gain = 461.137 ; free physical = 1043 ; free virtual = 25127
synth_design: Time (s): cpu = 00:00:49 ; elapsed = 00:00:50 . Memory (MB): peak = 1594.008 ; gain = 505.738 ; free physical = 1049 ; free virtual = 25133
